<?xml version="1.0" encoding="UTF-8"?>
<!-- Generated by org.testng.reporters.JUnitReportReporter -->
<testsuite ignored="0" hostname="LAPTOP-R619VCBQ" failures="0" tests="1" name="com.PavanBokadePackage.pavanBokadeClass" time="0.023" errors="0" timestamp="12 Sep 2022 16:24:40 GMT" skipped="0">
  <testcase classname="com.PavanBokadePackage.pavanBokadeClass" name="m101" time="0.023"/>
</testsuite> <!-- com.PavanBokadePackage.pavanBokadeClass -->
