<?xml version="1.0" encoding="UTF-8"?>
<!-- Generated by org.testng.reporters.JUnitReportReporter -->
<testsuite ignored="0" hostname="LAPTOP-R619VCBQ" failures="0" tests="1" name="com.PavanBokadePackage.pavanBokadeClass" time="9.224" errors="0" timestamp="14 Sep 2022 09:08:13 GMT" skipped="0">
  <testcase classname="com.PavanBokadePackage.pavanBokadeClass" name="m101" time="9.224"/>
</testsuite> <!-- com.PavanBokadePackage.pavanBokadeClass -->
