<?xml version="1.0" encoding="UTF-8"?>
<!-- Generated by org.testng.reporters.JUnitReportReporter -->
<testsuite hostname="LAPTOP-R619VCBQ" failures="0" tests="1" name="com.PavanBokadePackage.abc" time="0.009" errors="0" timestamp="2022-09-15T12:44:56 IST" skipped="0">
  <testcase classname="com.PavanBokadePackage.abc" name="absb" time="0.009"/>
  <system-out/>
</testsuite> <!-- com.PavanBokadePackage.abc -->
