<?xml version="1.0" encoding="UTF-8"?>
<!-- Generated by org.testng.reporters.JUnitReportReporter -->
<testsuite hostname="LAPTOP-R619VCBQ" failures="0" tests="1" name="com.akshay.Mystore" time="32.865" errors="0" timestamp="2022-10-12T14:26:26 IST" skipped="0">
  <testcase classname="com.akshay.Mystore" name="m1" time="32.865"/>
  <system-out/>
</testsuite> <!-- com.akshay.Mystore -->
