<?xml version="1.0" encoding="UTF-8"?>
<!-- Generated by org.testng.reporters.JUnitReportReporter -->
<testsuite hostname="LAPTOP-R619VCBQ" failures="0" tests="1" name="com.pavanJadhao.com.PavanJadhaoClassFirst" time="52.625" errors="0" timestamp="2022-09-21T13:52:12 IST" skipped="0">
  <testcase classname="com.pavanJadhao.com.PavanJadhaoClassFirst" name="PavanJadhaoFirstMethod" time="52.625"/>
  <system-out/>
</testsuite> <!-- com.pavanJadhao.com.PavanJadhaoClassFirst -->
