<?xml version="1.0" encoding="UTF-8"?>
<!-- Generated by org.testng.reporters.JUnitReportReporter -->
<testsuite ignored="0" hostname="LAPTOP-R619VCBQ" failures="0" tests="1" name="PavanJadhaoPackage.PavanJadhaoClass" time="0.016" errors="0" timestamp="15 Sep 2022 06:59:24 GMT" skipped="0">
  <testcase classname="PavanJadhaoPackage.PavanJadhaoClass" name="m201" time="0.016"/>
</testsuite> <!-- PavanJadhaoPackage.PavanJadhaoClass -->
