<?xml version="1.0" encoding="UTF-8"?>
<!-- Generated by org.testng.reporters.JUnitReportReporter -->
<testsuite ignored="0" hostname="LAPTOP-R619VCBQ" failures="0" tests="1" name="com.dataprovider.StateData" time="0.637" errors="0" timestamp="03 Jan 2022 08:22:29 GMT" skipped="0">
  <testcase classname="com.dataprovider.StateData" name="dataprovider" time="0.637"/>
</testsuite> <!-- com.dataprovider.StateData -->
